-------------------------------------------------------------------------------
Test set: org.sample.LojaA3.InventoryManagerTest
-------------------------------------------------------------------------------
Tests run: 9, Failures: 0, Errors: 1, Skipped: 0, Time elapsed: 0.484 s <<< FAILURE! - in org.sample.LojaA3.InventoryManagerTest
org.sample.LojaA3.InventoryManagerTest.verificarEstoqueSkuInvalido  Time elapsed: 0.002 s  <<< ERROR!
java.lang.IllegalArgumentException: SKU inválido
	at org.sample.LojaA3.InventoryManagerTest.verificarEstoqueSkuInvalido(InventoryManagerTest.java:113)

