<?xml version="1.0" encoding="UTF-8"?>
<testsuite xmlns:xsi="http://www.w3.org/2001/XMLSchema-instance" xsi:noNamespaceSchemaLocation="https://maven.apache.org/surefire/maven-surefire-plugin/xsd/surefire-test-report-3.0.xsd" version="3.0" name="org.sample.lojaa3.InventoryManagerTest" time="1.759" tests="11" errors="0" skipped="0" failures="0">
  <properties>
[...]
</properties>
  <testcase name="verificarEstoqueSucesso" classname="org.sample.lojaa3.InventoryManagerTest" time="0.471"/>
  <testcase name="adicionarProdutoStorageNull" classname="org.sample.lojaa3.InventoryManagerTest" time="0.005">
    <system-err><![CDATA[SKU inválido: 0
]]></system-err>
  </testcase>
  <testcase name="storageSettersGetters" classname="org.sample.lojaa3.InventoryManagerTest" time="0.001"/>
  <testcase name="adicionarProdutoSucessoComPrecoExterno" classname="org.sample.lojaa3.InventoryManagerTest" time="0.024"/>
  <testcase name="removerProdutoEstoqueVazio" classname="org.sample.lojaa3.InventoryManagerTest" time="0.007"/>
  <testcase name="adicionarProdutoPrecoInvalido" classname="org.sample.lojaa3.InventoryManagerTest" time="0.009"/>
  <testcase name="removerProdutoSucesso" classname="org.sample.lojaa3.InventoryManagerTest" time="0.002"/>
  <testcase name="adicionarProdutoSucesso_Caminho" classname="org.sample.lojaa3.InventoryManagerTest" time="0.001"/>
  <testcase name="removerProdutoSkuInvalido" classname="org.sample.lojaa3.InventoryManagerTest" time="0.001"/>
  <testcase name="adicionarProdutoSucesso" classname="org.sample.lojaa3.InventoryManagerTest" time="0.002"/>
  <testcase name="adicionarProdutoQuantidadeInvalida" classname="org.sample.lojaa3.InventoryManagerTest" time="0.002">
    <system-err><![CDATA[Quantidade inválida: -10
]]></system-err>
  </testcase>
</testsuite>