<?xml version="1.0" encoding="UTF-8"?>
<testsuite xmlns:xsi="http://www.w3.org/2001/XMLSchema-instance" xsi:noNamespaceSchemaLocation="https://maven.apache.org/surefire/maven-surefire-plugin/xsd/surefire-test-report-3.0.xsd" version="3.0" name="org.sample.LojaA3.InventoryManagerTest" time="0.437" tests="9" errors="0" skipped="0" failures="0">
  <properties>
[...]
</properties>
  <testcase name="verificarEstoqueSucesso" classname="org.sample.LojaA3.InventoryManagerTest" time="0.368"/>
  <testcase name="verificarEstoqueSkuInvalido" classname="org.sample.LojaA3.InventoryManagerTest" time="0"/>
  <testcase name="adicionarProdutoStorageNull" classname="org.sample.LojaA3.InventoryManagerTest" time="0.002"/>
  <testcase name="verificarEstoqueSkuNaoExiste" classname="org.sample.LojaA3.InventoryManagerTest" time="0.005"/>
  <testcase name="removerProdutoSkuInvalido" classname="org.sample.LojaA3.InventoryManagerTest" time="0"/>
  <testcase name="adicionarProdutoSucesso" classname="org.sample.LojaA3.InventoryManagerTest" time="0.001"/>
  <testcase name="removerProdutoComValorInvalido" classname="org.sample.LojaA3.InventoryManagerTest" time="0"/>
  <testcase name="adicionarProdutoQuantidadeInvalida" classname="org.sample.LojaA3.InventoryManagerTest" time="0.001"/>
  <testcase name="removerProdutoQuantidadeInvalida" classname="org.sample.LojaA3.InventoryManagerTest" time="0"/>
</testsuite>